<?xml version="1.0" encoding="UTF-8"?>
<!-- Generated by org.testng.reporters.JUnitXMLReporter -->
<testsuite hostname="DESKTOP-NRGQI37" ignored="0" name="Test2" tests="1" failures="1" timestamp="2020-07-08T15:23:44 CDT" time="8.768" errors="0">
  <testcase name="basepageNaviagation" time="0.089" classname="Academy.EndtoEnd.ValidateNavigationBar">
    <failure type="java.lang.AssertionError" message="expected [FEATURED COURSES2] but found [FEATURED COURSES]">
      <![CDATA[java.lang.AssertionError: expected [FEATURED COURSES2] but found [FEATURED COURSES]
at Academy.EndtoEnd.ValidateNavigationBar.basepageNaviagation(ValidateNavigationBar.java:27)
at java.util.ArrayList.forEach(Unknown Source)
... Removed 32 stack frames]]>
    </failure>
  </testcase> <!-- basepageNaviagation -->
</testsuite> <!-- Test2 -->
