-------------------------------------------------------------------------------
Test set: TestSuite
-------------------------------------------------------------------------------
Tests run: 4, Failures: 1, Errors: 0, Skipped: 0, Time elapsed: 28.82 s <<< FAILURE! - in TestSuite
Academy.EndtoEnd.ValidateNavigationBar.basepageNaviagation  Time elapsed: 1.007 s  <<< FAILURE!
java.lang.AssertionError: expected [FEATURED COURSES2] but found [FEATURED COURSES]
	at Academy.EndtoEnd.ValidateNavigationBar.basepageNaviagation(ValidateNavigationBar.java:27)

