<?xml version="1.0" encoding="UTF-8"?>
<testsuite xmlns:xsi="http://www.w3.org/2001/XMLSchema-instance" xsi:noNamespaceSchemaLocation="https://maven.apache.org/surefire/maven-surefire-plugin/xsd/surefire-test-report-3.0.xsd" version="3.0" name="TestSuite" time="28.82" tests="4" errors="0" skipped="0" failures="1">
  <properties>
[...]
</properties>
  <testcase name="basepageNaviagation" classname="Academy.EndtoEnd.ValidateTitle" time="0.751">
    <system-err><![CDATA[Starting ChromeDriver 83.0.4103.39 (ccbf011cb2d2b19b506d844400483861342c20cd-refs/branch-heads/4103@{#416}) on port 2220
Only local connections are allowed.
Please see https://chromedriver.chromium.org/security-considerations for suggestions on keeping ChromeDriver safe.
Starting ChromeDriver 83.0.4103.39 (ccbf011cb2d2b19b506d844400483861342c20cd-refs/branch-heads/4103@{#416}) on port 12336
Only local connections are allowed.
Please see https://chromedriver.chromium.org/security-considerations for suggestions on keeping ChromeDriver safe.
Starting ChromeDriver 83.0.4103.39 (ccbf011cb2d2b19b506d844400483861342c20cd-refs/branchC-hheraods/41m03e@{#D41r6i})v oen pror tw 4a2s70 8s
tOanrtleyd  loscuacl cceonsnsefcutliloyn.s 
are allowed.
Please see https://chromedriver.chromium.org/security-considerations for suggestions on keeping ChromeDriver safe.
ChromeDriver was started sCuhcrocmeesDsrfiulvelry. w
as started successfully.
Jul 08, 2020 5:25:37 PM org.openqa.selenium.remote.ProtocolHandshake createSession
INFO: Detected dialect: W3C
Jul 08, 2020 5:25:37 PM org.openqa.selenium.remote.ProtocolHandshake createSession
INFO: Detected dialect: W3C
Jul 08, 2020 5:25:37 PM org.openqa.selenium.remote.ProtocolHandshake createSession
INFO: Detected dialect: W3C
]]></system-err>
  </testcase>
  <testcase name="basepageNaviagation" classname="Academy.EndtoEnd.ValidateNavigationBar" time="1.007">
    <failure message="expected [FEATURED COURSES2] but found [FEATURED COURSES]" type="java.lang.AssertionError"><![CDATA[java.lang.AssertionError: expected [FEATURED COURSES2] but found [FEATURED COURSES]
	at Academy.EndtoEnd.ValidateNavigationBar.basepageNaviagation(ValidateNavigationBar.java:27)
]]></failure>
  </testcase>
  <testcase name="basepageNaviagation[nonrestricteduser@qw.com, password1, Unrestricted user](1)" classname="Academy.EndtoEnd.HomePage" time="6.379"/>
  <testcase name="basepageNaviagation[restricteduser@qw.com, password2, Restricted user](2)" classname="Academy.EndtoEnd.HomePage" time="3.062"/>
</testsuite>