<?xml version="1.0" encoding="UTF-8"?>
<!-- Generated by org.testng.reporters.JUnitXMLReporter -->
<testsuite hostname="DESKTOP-NRGQI37" ignored="0" name="Test" tests="4" failures="0" timestamp="2020-07-01T17:20:24 CDT" time="53.138" errors="0">
  <testcase name="basepageNaviagation" time="0.217" classname="Academy.EndtoEnd.ValidateTitle"/>
  <testcase name="basepageNaviagation" time="15.039" classname="Academy.EndtoEnd.HomePage"/>
  <testcase name="basepageNaviagation" time="13.538" classname="Academy.EndtoEnd.HomePage"/>
  <testcase name="basepageNaviagation" time="0.037" classname="Academy.EndtoEnd.ValidateNavigationBar"/>
</testsuite> <!-- Test -->
