<?xml version="1.0" encoding="UTF-8"?>
<!-- Generated by org.testng.reporters.JUnitXMLReporter -->
<testsuite hostname="DESKTOP-NRGQI37" ignored="0" name="Validate Navigation bar" tests="2" failures="1" timestamp="2020-07-08T17:25:45 CDT" time="15.859" errors="0">
  <testcase name="basepageNaviagation" time="0.746" classname="Academy.EndtoEnd.ValidateTitle"/>
  <testcase name="basepageNaviagation" time="1.301" classname="Academy.EndtoEnd.ValidateNavigationBar">
    <failure type="java.lang.AssertionError" message="expected [FEATURED COURSES2] but found [FEATURED COURSES]">
      <![CDATA[java.lang.AssertionError: expected [FEATURED COURSES2] but found [FEATURED COURSES]
at Academy.EndtoEnd.ValidateNavigationBar.basepageNaviagation(ValidateNavigationBar.java:27)
at java.util.ArrayList.forEach(ArrayList.java:1257)
at java.util.concurrent.FutureTask.run(FutureTask.java:266)
at java.util.concurrent.ThreadPoolExecutor.runWorker(ThreadPoolExecutor.java:1149)
at java.util.concurrent.ThreadPoolExecutor$Worker.run(ThreadPoolExecutor.java:624)
at java.lang.Thread.run(Thread.java:748)
... Removed 23 stack frames]]>
    </failure>
  </testcase> <!-- basepageNaviagation -->
</testsuite> <!-- Validate Navigation bar -->
